# Experiment A
# statistics_filename: "statistics/QL_A"
# + QL, Simple Reward, Mimic FullMovement FullAttacks, Mimic Random Strategy, 200k episodes

# Experiment B
# statistics_filename: "statistics/QL_B"
# + QL, Advanced Reward, Mimic FullMovement FullAttacks, Mimic Random Strategy, 200k episodes

# Experiment C
# statistics_filename: "statistics/QL_C"
# + QL, Simple Reward, Mimic FullMovement FullAttacks, Mimic RuleBased Strategy, 200k episodes

# Experiment D
# statistics_filename: "statistics/QL_D"
# + QL, Advanced Reward, Mimic FullMovement FullAttacks, Mimic RuleBased Strategy, 200k episodes

# Experiment E
# statistics_filename: "statistics/QL_E"
# + QL, Simple Reward, Mimic NoMovement NoAttacks, Mimic RuleBased Strategy, 50k episodes
# + QL, Simple Reward, Mimic FullMovement NoAttacks, Mimic RuleBased Strategy, 50k episodes
# + QL, Simple Reward, Mimic FullMovement FullAttacks, Mimic RuleBased Strategy, 50k episodes

# Experiment F
# statistics_filename: "statistics/QL_F"
# + QL, Advanced Reward, Mimic NoMovement NoAttacks, Mimic RuleBased Strategy, 50k episodes
# + QL, Advanced Reward, Mimic FullMovement NoAttacks, Mimic RuleBased Strategy, 50k episodes
# + QL, Advanced Reward, Mimic FullMovement FullAttacks, Mimic RuleBased Strategy, 50k episodes

# Experiment G
# statistics_filename: "statistics/QL_G"
# + QL, Simple Reward, Mimic NoMovement NoAttacks, Mimic RuleBased Strategy, 50k episodes
# + QL, Simple Reward, Mimic FullMovement NoAttacks, Mimic RuleBased Strategy, 50k episodes
# + QL, Simple Reward, Mimic FullMovement HalfAttacks HalfDamage, Mimic RuleBased Strategy, 150k episodes
# + QL, Simple Reward, Mimic FullMovement HalfAttacks FullDamage, Mimic RuleBased Strategy, 100k episodes
# (aborted here)
# + QL, Simple Reward, Mimic FullMovement FullAttacks, Mimic RuleBased Strategy

# Experiment H
# statistics_filename: "statistics/QL_H"
# + QL, Simple Reward, Mimic FullMovement FullAttacks, Mimic RuleBased Strategy with epsilon 0.95, 150k episodes
# + QL, Simple Reward, Mimic FullMovement FullAttacks, Mimic RuleBased Strategy with epsilon 0.90, 100k episodes

# Experiment I
# statistics_filename: "statistics/QL_I"
# + QL, Simple Reward, Erik linear epsilon decay, Mimic FullMovement FullAttacks, Mimic RuleBased Strategy with epsilon 0.90, 100k episodes
# + QL, Simple Reward, Erik linear epsilon decay, Mimic FullMovement FullAttacks, Mimic RuleBased Strategy with epsilon 0.80, 100k episodes
# + QL, Simple Reward, Erik epsilon=0.01, Mimic FullMovement FullAttacks, Mimic RuleBased Strategy with epsilon 0.80, 50k episodes

# Experiment J
# statistics_filename: "statistics/QL_J"
# + QL, Advanced Reward, Erik linear epsilon decay, Mimic FullMovement FullAttacks, Mimic RuleBased Strategy with epsilon 0.90, 100k episodes
# + QL, Advanced Reward, Erik linear epsilon decay, Mimic FullMovement FullAttacks, Mimic RuleBased Strategy with epsilon 0.80, 150k episodes
# + QL, Advanced Reward, Erik epsilon=0.01 , Mimic FullMovement FullAttacks, Mimic RuleBased Strategy with epsilon 0.80, 50k episodes

# Experiment K
# statistics_filename: "statistics/QL_K"
# + QL, Simple Reward, Erik linear epsilon decay over all episodes, Mimic FullMovement FullAttacks, Mimic RuleBased Strategy with epsilon decay decreasing at Erik's half decay velocity, 200k episodes

# Experiment L
# statistics_filename: "statistics/QL_L"
# + QL, AdvancedReward, Erik linear epsilon decay over all episodes, alpha=0.1, Mimic FullMovement FullAttacks, Mimic RuleBased Strategy with epsilon decay decreasing at Erik's half decay velocity, 300k episodes

# Experiment M
# statistics_filename: "statistics/QL_M"
# + QL, Simple Reward, Erik linear epsilon decay over all episodes, alpha=0.5, Mimic FullMovement FullAttacks, Mimic RuleBased Strategy with epsilon decay decreasing at Erik's half decay velocity, 200k episodes

# Experiment N
# statistics_filename: "statistics/QL_N"
# + QL, Simple Reward, Erik linear epsilon decay over all episodes, alpha=0.01, Mimic FullMovement FullAttacks, Mimic RuleBased Strategy with epsilon decay decreasing at Erik's half decay velocity, 200k episodes

# Experiment O
# statistics_filename: "statistics/QL_O"
# + QL, AdvancedReward, Erik linear epsilon decay over all episodes, alpha=0.1, Mimic FullMovement FullAttacks, Mimic RuleBased Strategy with epsilon linear decay decreasing, 300k episodes, Mimic speed=2, Mimi and Erik hp = 20

# Experiment P
# statistics_filename: "statistics/QL_P"
# + QL, SimpleReward, Erik linear epsilon decay over all episodes, alpha=0.1, Mimic FullMovement FullAttacks, Mimic RuleBased Strategy with epsilon linear decay decreasing, 100k episodes, Mimic speed=2, added normalized current winner player hp in reward

# Experiment Q
# statistics_filename: "statistics/QL_P"
# + QL, AdvancedReward, Erik linear epsilon decay over all episodes, alpha=0.1, Mimic FullMovement FullAttacks, Mimic RuleBased Strategy with epsilon linear decay decreasing, 100k episodes, Mimic speed=2, added normalized current winner player hp in reward

# Experiment R
# statistics_filename: "statistics/QL_P"
# + QL, AdvancedReward, Erik linear epsilon decay over all episodes, alpha=0.1, Mimic FullMovement FullAttacks, Mimic RuleBased Strategy with epsilon linear decay decreasing, 100k episodes, Mimic speed=2, added normalized current winner player hp+10 in reward